{"name": "test1_register_new_user", "status": "failed", "statusDetails": {"message": "AssertionError: assert False", "trace": "self = <Test.test_Register.TestNewTour testMethod=test1_register_new_user>\n\n    @allure.severity(allure.severity_level.BLOCKER)\n    def test1_register_new_user(self):\n        driver = self.driver\n        #driver.get(\"http://newtours.demoaut.com/\")\n        register = RegisterUser(driver)\n        register.contact_information(\"Rohit\", \"Tyagi\", 6534865849, \"a@mailinator.com\")\n        register.mailing_information(\"abc\", \"NewYork\", \"DC\", \"DC0003\")\n        register.user_information(username=td.testData(\"username\"), password=td.testData(\"password\"), confirmpassword=td.testData(\"passconfirm\"))\n        # time.sleep(4)\n        # exwait = WebDriverWait(driver, 20)\n        registration_success = driver.find_element(By.XPATH, \"//*[contains(text(), 'Your user name is')]\").text\n        print(registration_success)\n        # exwait.until(EC.presence_of_all_elements_located(registration_success))\n        self.assertEqual(\"Note: Your user name is rtyagi.\", registration_success, \"Registration Failed!\")\n        if registration_success == \"Note: Your user name is rtyagi\":\n            assert True\n        else:\n            allure.attach(self.driver.get_screenshot_as_png(), name=\"User Registration\", attachment_type=AttachmentType.PNG)\n>           assert False\nE           assert False\n\nTest\\test_Register.py:46: AssertionError"}, "attachments": [{"name": "User Registration", "source": "42587e34-9135-4235-9470-523f50757166-attachment.png", "type": "image/png"}], "start": 1586301531662, "stop": 1586301542788, "uuid": "68fc9edf-a90d-4b01-8f70-ccc5cf97f448", "historyId": "f2e33481af6d0532963054916f80e3ab", "testCaseId": "1080ee52dc422fb2006692a018d608cc", "fullName": "Test.test_Register.TestNewTour#test1_register_new_user", "labels": [{"name": "severity", "value": "blocker"}, {"name": "parentSuite", "value": "Test"}, {"name": "suite", "value": "test_Register"}, {"name": "subSuite", "value": "TestNewTour"}, {"name": "host", "value": "LAPTOP-T9IS0370"}, {"name": "thread", "value": "28884-MainThread"}, {"name": "framework", "value": "pytest"}, {"name": "language", "value": "cpython3"}, {"name": "package", "value": "Test.test_Register"}]}